2023-09-14 00:46:44,745 INFO    StreamThr :6460 [internal.py:wandb_internal():86] W&B internal server running at pid: 6460, started at: 2023-09-14 00:46:44.728396
2023-09-14 00:46:44,760 DEBUG   HandlerThread:6460 [handler.py:handle_request():144] handle_request: status
2023-09-14 00:46:45,729 INFO    WriterThread:6460 [datastore.py:open_for_write():85] open: /Users/sohrabnamazinia/Desktop/Summer 23/RA/RL/RL_Modular/wandb/run-20230914_004644-poao9767/run-poao9767.wandb
2023-09-14 00:46:45,732 DEBUG   SenderThread:6460 [sender.py:send():369] send: header
2023-09-14 00:46:46,296 DEBUG   SenderThread:6460 [sender.py:send():369] send: run
2023-09-14 00:46:51,317 DEBUG   HandlerThread:6460 [handler.py:handle_request():144] handle_request: keepalive
2023-09-14 00:46:56,488 DEBUG   HandlerThread:6460 [handler.py:handle_request():144] handle_request: keepalive
2023-09-14 00:46:57,600 INFO    SenderThread:6460 [retry.py:__call__():172] Retry attempt failed:
Traceback (most recent call last):
  File "/Library/Frameworks/Python.framework/Versions/3.11/lib/python3.11/site-packages/urllib3/connection.py", line 174, in _new_conn
    conn = connection.create_connection(
           ^^^^^^^^^^^^^^^^^^^^^^^^^^^^^
  File "/Library/Frameworks/Python.framework/Versions/3.11/lib/python3.11/site-packages/urllib3/util/connection.py", line 72, in create_connection
    for res in socket.getaddrinfo(host, port, family, socket.SOCK_STREAM):
               ^^^^^^^^^^^^^^^^^^^^^^^^^^^^^^^^^^^^^^^^^^^^^^^^^^^^^^^^^^
  File "/Library/Frameworks/Python.framework/Versions/3.11/lib/python3.11/socket.py", line 962, in getaddrinfo
    for res in _socket.getaddrinfo(host, port, family, type, proto, flags):
               ^^^^^^^^^^^^^^^^^^^^^^^^^^^^^^^^^^^^^^^^^^^^^^^^^^^^^^^^^^^
socket.gaierror: [Errno 8] nodename nor servname provided, or not known

During handling of the above exception, another exception occurred:

Traceback (most recent call last):
  File "/Library/Frameworks/Python.framework/Versions/3.11/lib/python3.11/site-packages/urllib3/connectionpool.py", line 703, in urlopen
    httplib_response = self._make_request(
                       ^^^^^^^^^^^^^^^^^^^
  File "/Library/Frameworks/Python.framework/Versions/3.11/lib/python3.11/site-packages/urllib3/connectionpool.py", line 386, in _make_request
    self._validate_conn(conn)
  File "/Library/Frameworks/Python.framework/Versions/3.11/lib/python3.11/site-packages/urllib3/connectionpool.py", line 1042, in _validate_conn
    conn.connect()
  File "/Library/Frameworks/Python.framework/Versions/3.11/lib/python3.11/site-packages/urllib3/connection.py", line 363, in connect
    self.sock = conn = self._new_conn()
                       ^^^^^^^^^^^^^^^^
  File "/Library/Frameworks/Python.framework/Versions/3.11/lib/python3.11/site-packages/urllib3/connection.py", line 186, in _new_conn
    raise NewConnectionError(
urllib3.exceptions.NewConnectionError: <urllib3.connection.HTTPSConnection object at 0x114de7b10>: Failed to establish a new connection: [Errno 8] nodename nor servname provided, or not known

During handling of the above exception, another exception occurred:

Traceback (most recent call last):
  File "/Library/Frameworks/Python.framework/Versions/3.11/lib/python3.11/site-packages/requests/adapters.py", line 489, in send
    resp = conn.urlopen(
           ^^^^^^^^^^^^^
  File "/Library/Frameworks/Python.framework/Versions/3.11/lib/python3.11/site-packages/urllib3/connectionpool.py", line 787, in urlopen
    retries = retries.increment(
              ^^^^^^^^^^^^^^^^^^
  File "/Library/Frameworks/Python.framework/Versions/3.11/lib/python3.11/site-packages/urllib3/util/retry.py", line 592, in increment
    raise MaxRetryError(_pool, url, error or ResponseError(cause))
urllib3.exceptions.MaxRetryError: HTTPSConnectionPool(host='api.wandb.ai', port=443): Max retries exceeded with url: /graphql (Caused by NewConnectionError('<urllib3.connection.HTTPSConnection object at 0x114de7b10>: Failed to establish a new connection: [Errno 8] nodename nor servname provided, or not known'))

During handling of the above exception, another exception occurred:

Traceback (most recent call last):
  File "/Library/Frameworks/Python.framework/Versions/3.11/lib/python3.11/site-packages/wandb/sdk/lib/retry.py", line 131, in __call__
    result = self._call_fn(*args, **kwargs)
             ^^^^^^^^^^^^^^^^^^^^^^^^^^^^^^
  File "/Library/Frameworks/Python.framework/Versions/3.11/lib/python3.11/site-packages/wandb/sdk/internal/internal_api.py", line 321, in execute
    return self.client.execute(*args, **kwargs)  # type: ignore
           ^^^^^^^^^^^^^^^^^^^^^^^^^^^^^^^^^^^^
  File "/Library/Frameworks/Python.framework/Versions/3.11/lib/python3.11/site-packages/wandb/vendor/gql-0.2.0/wandb_gql/client.py", line 52, in execute
    result = self._get_result(document, *args, **kwargs)
             ^^^^^^^^^^^^^^^^^^^^^^^^^^^^^^^^^^^^^^^^^^^
  File "/Library/Frameworks/Python.framework/Versions/3.11/lib/python3.11/site-packages/wandb/vendor/gql-0.2.0/wandb_gql/client.py", line 60, in _get_result
    return self.transport.execute(document, *args, **kwargs)
           ^^^^^^^^^^^^^^^^^^^^^^^^^^^^^^^^^^^^^^^^^^^^^^^^^
  File "/Library/Frameworks/Python.framework/Versions/3.11/lib/python3.11/site-packages/wandb/sdk/lib/gql_request.py", line 55, in execute
    request = self.session.post(self.url, **post_args)
              ^^^^^^^^^^^^^^^^^^^^^^^^^^^^^^^^^^^^^^^^
  File "/Library/Frameworks/Python.framework/Versions/3.11/lib/python3.11/site-packages/requests/sessions.py", line 635, in post
    return self.request("POST", url, data=data, json=json, **kwargs)
           ^^^^^^^^^^^^^^^^^^^^^^^^^^^^^^^^^^^^^^^^^^^^^^^^^^^^^^^^^
  File "/Library/Frameworks/Python.framework/Versions/3.11/lib/python3.11/site-packages/requests/sessions.py", line 587, in request
    resp = self.send(prep, **send_kwargs)
           ^^^^^^^^^^^^^^^^^^^^^^^^^^^^^^
  File "/Library/Frameworks/Python.framework/Versions/3.11/lib/python3.11/site-packages/requests/sessions.py", line 701, in send
    r = adapter.send(request, **kwargs)
        ^^^^^^^^^^^^^^^^^^^^^^^^^^^^^^^
  File "/Library/Frameworks/Python.framework/Versions/3.11/lib/python3.11/site-packages/requests/adapters.py", line 565, in send
    raise ConnectionError(e, request=request)
requests.exceptions.ConnectionError: HTTPSConnectionPool(host='api.wandb.ai', port=443): Max retries exceeded with url: /graphql (Caused by NewConnectionError('<urllib3.connection.HTTPSConnection object at 0x114de7b10>: Failed to establish a new connection: [Errno 8] nodename nor servname provided, or not known'))
2023-09-14 00:47:02,418 DEBUG   HandlerThread:6460 [handler.py:handle_request():144] handle_request: keepalive
2023-09-14 00:47:03,901 INFO    SenderThread:6460 [dir_watcher.py:__init__():211] watching files in: /Users/sohrabnamazinia/Desktop/Summer 23/RA/RL/RL_Modular/wandb/run-20230914_004644-poao9767/files
2023-09-14 00:47:03,901 INFO    SenderThread:6460 [sender.py:_start_run_threads():1100] run started: poao9767 with start time 1694666804.883966
2023-09-14 00:47:03,902 DEBUG   HandlerThread:6460 [handler.py:handle_request():144] handle_request: status_report
2023-09-14 00:47:03,957 DEBUG   SenderThread:6460 [sender.py:send_request():396] send_request: summary_record
2023-09-14 00:47:03,958 INFO    SenderThread:6460 [sender.py:_save_file():1354] saving file wandb-summary.json with policy end
2023-09-14 00:47:03,972 DEBUG   HandlerThread:6460 [handler.py:handle_request():144] handle_request: check_version
2023-09-14 00:47:03,973 DEBUG   SenderThread:6460 [sender.py:send_request():396] send_request: check_version
2023-09-14 00:47:04,220 DEBUG   HandlerThread:6460 [handler.py:handle_request():144] handle_request: run_start
2023-09-14 00:47:04,248 DEBUG   HandlerThread:6460 [system_info.py:__init__():31] System info init
2023-09-14 00:47:04,248 DEBUG   HandlerThread:6460 [system_info.py:__init__():46] System info init done
2023-09-14 00:47:04,249 INFO    HandlerThread:6460 [system_monitor.py:start():181] Starting system monitor
2023-09-14 00:47:04,249 INFO    SystemMonitor:6460 [system_monitor.py:_start():145] Starting system asset monitoring threads
2023-09-14 00:47:04,249 INFO    HandlerThread:6460 [system_monitor.py:probe():201] Collecting system info
2023-09-14 00:47:04,253 INFO    SystemMonitor:6460 [interfaces.py:start():190] Started cpu monitoring
2023-09-14 00:47:04,254 INFO    SystemMonitor:6460 [interfaces.py:start():190] Started disk monitoring
2023-09-14 00:47:04,256 DEBUG   HandlerThread:6460 [system_info.py:probe():195] Probing system
2023-09-14 00:47:04,257 INFO    SystemMonitor:6460 [interfaces.py:start():190] Started memory monitoring
2023-09-14 00:47:04,260 INFO    SystemMonitor:6460 [interfaces.py:start():190] Started network monitoring
2023-09-14 00:47:04,265 DEBUG   HandlerThread:6460 [system_info.py:_probe_git():180] Probing git
2023-09-14 00:47:04,466 DEBUG   HandlerThread:6460 [system_info.py:_probe_git():188] Probing git done
2023-09-14 00:47:04,467 DEBUG   HandlerThread:6460 [system_info.py:probe():240] Probing system done
2023-09-14 00:47:04,467 DEBUG   HandlerThread:6460 [system_monitor.py:probe():210] {'os': 'macOS-12.6.3-x86_64-i386-64bit', 'python': '3.11.1', 'heartbeatAt': '2023-09-14T04:47:04.257131', 'startedAt': '2023-09-14T04:46:44.148766', 'docker': None, 'cuda': None, 'args': (), 'state': 'running', 'program': '/Users/sohrabnamazinia/Desktop/Summer 23/RA/RL/RL_Modular/test_recall.py', 'codePath': 'test_recall.py', 'git': {'remote': 'https://github.com/sohrabnamazinia/RL_Modular.git', 'commit': '58717815559c96a06aa97e1861126e53d77e6bf8'}, 'email': 'sohrab.namazinia@gmail.com', 'root': '/Users/sohrabnamazinia/Desktop/Summer 23/RA/RL/RL_Modular', 'host': 'senjutibs-MBP', 'username': 'sohrabnamazinia', 'executable': '/usr/local/bin/python3.11', 'cpu_count': 2, 'cpu_count_logical': 4, 'cpu_freq': {'current': 2700, 'min': 2700, 'max': 2700}, 'cpu_freq_per_core': [{'current': 2700, 'min': 2700, 'max': 2700}], 'disk': {'total': 233.5667953491211, 'used': 20.597579956054688}, 'memory': {'total': 8.0}}
2023-09-14 00:47:04,468 INFO    HandlerThread:6460 [system_monitor.py:probe():211] Finished collecting system info
2023-09-14 00:47:04,468 INFO    HandlerThread:6460 [system_monitor.py:probe():214] Publishing system info
2023-09-14 00:47:04,468 DEBUG   HandlerThread:6460 [system_info.py:_save_pip():51] Saving list of pip packages installed into the current environment
2023-09-14 00:47:04,472 DEBUG   HandlerThread:6460 [system_info.py:_save_pip():67] Saving pip packages done
2023-09-14 00:47:04,475 INFO    HandlerThread:6460 [system_monitor.py:probe():216] Finished publishing system info
2023-09-14 00:47:04,479 DEBUG   SenderThread:6460 [sender.py:send():369] send: files
2023-09-14 00:47:04,479 INFO    SenderThread:6460 [sender.py:_save_file():1354] saving file wandb-metadata.json with policy now
2023-09-14 00:47:04,501 DEBUG   SenderThread:6460 [sender.py:send():369] send: telemetry
2023-09-14 00:47:04,502 DEBUG   HandlerThread:6460 [handler.py:handle_request():144] handle_request: stop_status
2023-09-14 00:47:04,503 DEBUG   SenderThread:6460 [sender.py:send_request():396] send_request: stop_status
2023-09-14 00:47:04,567 DEBUG   HandlerThread:6460 [handler.py:handle_request():144] handle_request: partial_history
2023-09-14 00:47:04,571 DEBUG   HandlerThread:6460 [handler.py:handle_request():144] handle_request: partial_history
2023-09-14 00:47:04,581 DEBUG   HandlerThread:6460 [handler.py:handle_request():144] handle_request: partial_history
2023-09-14 00:47:04,586 DEBUG   HandlerThread:6460 [handler.py:handle_request():144] handle_request: partial_history
2023-09-14 00:47:04,837 DEBUG   SenderThread:6460 [sender.py:send():369] send: history
2023-09-14 00:47:04,837 DEBUG   SenderThread:6460 [sender.py:send_request():396] send_request: summary_record
2023-09-14 00:47:04,839 INFO    SenderThread:6460 [sender.py:_save_file():1354] saving file wandb-summary.json with policy end
2023-09-14 00:47:04,840 DEBUG   SenderThread:6460 [sender.py:send():369] send: history
2023-09-14 00:47:04,841 DEBUG   SenderThread:6460 [sender.py:send_request():396] send_request: summary_record
2023-09-14 00:47:04,843 INFO    SenderThread:6460 [sender.py:_save_file():1354] saving file wandb-summary.json with policy end
2023-09-14 00:47:04,844 DEBUG   SenderThread:6460 [sender.py:send():369] send: history
2023-09-14 00:47:04,845 DEBUG   SenderThread:6460 [sender.py:send_request():396] send_request: summary_record
2023-09-14 00:47:04,847 INFO    SenderThread:6460 [sender.py:_save_file():1354] saving file wandb-summary.json with policy end
2023-09-14 00:47:04,848 DEBUG   SenderThread:6460 [sender.py:send():369] send: telemetry
2023-09-14 00:47:04,849 DEBUG   SenderThread:6460 [sender.py:send():369] send: exit
2023-09-14 00:47:04,849 INFO    SenderThread:6460 [sender.py:send_exit():574] handling exit code: 0
2023-09-14 00:47:04,849 INFO    SenderThread:6460 [sender.py:send_exit():576] handling runtime: 0
2023-09-14 00:47:04,851 INFO    SenderThread:6460 [sender.py:_save_file():1354] saving file wandb-summary.json with policy end
2023-09-14 00:47:04,851 INFO    SenderThread:6460 [sender.py:send_exit():582] send defer
2023-09-14 00:47:04,852 DEBUG   HandlerThread:6460 [handler.py:handle_request():144] handle_request: defer
2023-09-14 00:47:04,852 INFO    HandlerThread:6460 [handler.py:handle_request_defer():170] handle defer: 0
2023-09-14 00:47:04,853 DEBUG   SenderThread:6460 [sender.py:send_request():396] send_request: defer
2023-09-14 00:47:04,853 INFO    SenderThread:6460 [sender.py:send_request_defer():598] handle sender defer: 0
2023-09-14 00:47:04,854 INFO    SenderThread:6460 [sender.py:transition_state():602] send defer: 1
2023-09-14 00:47:04,854 DEBUG   HandlerThread:6460 [handler.py:handle_request():144] handle_request: defer
2023-09-14 00:47:04,855 INFO    HandlerThread:6460 [handler.py:handle_request_defer():170] handle defer: 1
2023-09-14 00:47:04,855 DEBUG   SenderThread:6460 [sender.py:send_request():396] send_request: defer
2023-09-14 00:47:04,856 INFO    SenderThread:6460 [sender.py:send_request_defer():598] handle sender defer: 1
2023-09-14 00:47:04,856 INFO    SenderThread:6460 [sender.py:transition_state():602] send defer: 2
2023-09-14 00:47:04,856 DEBUG   HandlerThread:6460 [handler.py:handle_request():144] handle_request: defer
2023-09-14 00:47:04,857 INFO    HandlerThread:6460 [handler.py:handle_request_defer():170] handle defer: 2
2023-09-14 00:47:04,857 INFO    HandlerThread:6460 [system_monitor.py:finish():190] Stopping system monitor
2023-09-14 00:47:04,858 INFO    HandlerThread:6460 [interfaces.py:finish():202] Joined cpu monitor
2023-09-14 00:47:04,859 INFO    HandlerThread:6460 [interfaces.py:finish():202] Joined disk monitor
2023-09-14 00:47:04,860 INFO    HandlerThread:6460 [interfaces.py:finish():202] Joined memory monitor
2023-09-14 00:47:04,861 INFO    HandlerThread:6460 [interfaces.py:finish():202] Joined network monitor
2023-09-14 00:47:04,858 DEBUG   SystemMonitor:6460 [system_monitor.py:_start():159] Starting system metrics aggregation loop
2023-09-14 00:47:04,861 DEBUG   SystemMonitor:6460 [system_monitor.py:_start():166] Finished system metrics aggregation loop
2023-09-14 00:47:04,862 DEBUG   SystemMonitor:6460 [system_monitor.py:_start():170] Publishing last batch of metrics
2023-09-14 00:47:04,865 DEBUG   SenderThread:6460 [sender.py:send_request():396] send_request: defer
2023-09-14 00:47:04,865 INFO    SenderThread:6460 [sender.py:send_request_defer():598] handle sender defer: 2
2023-09-14 00:47:04,865 INFO    SenderThread:6460 [sender.py:transition_state():602] send defer: 3
2023-09-14 00:47:04,866 DEBUG   SenderThread:6460 [sender.py:send():369] send: stats
2023-09-14 00:47:04,867 DEBUG   HandlerThread:6460 [handler.py:handle_request():144] handle_request: defer
2023-09-14 00:47:04,867 INFO    HandlerThread:6460 [handler.py:handle_request_defer():170] handle defer: 3
2023-09-14 00:47:04,871 DEBUG   SenderThread:6460 [sender.py:send():369] send: history
2023-09-14 00:47:04,872 DEBUG   SenderThread:6460 [sender.py:send_request():396] send_request: summary_record
2023-09-14 00:47:04,873 INFO    SenderThread:6460 [sender.py:_save_file():1354] saving file wandb-summary.json with policy end
2023-09-14 00:47:04,874 DEBUG   SenderThread:6460 [sender.py:send_request():396] send_request: defer
2023-09-14 00:47:04,874 INFO    SenderThread:6460 [sender.py:send_request_defer():598] handle sender defer: 3
2023-09-14 00:47:04,875 INFO    SenderThread:6460 [sender.py:transition_state():602] send defer: 4
2023-09-14 00:47:04,877 DEBUG   HandlerThread:6460 [handler.py:handle_request():144] handle_request: defer
2023-09-14 00:47:04,877 INFO    HandlerThread:6460 [handler.py:handle_request_defer():170] handle defer: 4
2023-09-14 00:47:04,878 DEBUG   SenderThread:6460 [sender.py:send_request():396] send_request: defer
2023-09-14 00:47:04,878 INFO    SenderThread:6460 [sender.py:send_request_defer():598] handle sender defer: 4
2023-09-14 00:47:04,878 INFO    SenderThread:6460 [sender.py:transition_state():602] send defer: 5
2023-09-14 00:47:04,879 DEBUG   HandlerThread:6460 [handler.py:handle_request():144] handle_request: defer
2023-09-14 00:47:04,879 INFO    HandlerThread:6460 [handler.py:handle_request_defer():170] handle defer: 5
2023-09-14 00:47:04,880 DEBUG   SenderThread:6460 [sender.py:send():369] send: summary
2023-09-14 00:47:04,883 INFO    SenderThread:6460 [sender.py:_save_file():1354] saving file wandb-summary.json with policy end
2023-09-14 00:47:04,885 DEBUG   SenderThread:6460 [sender.py:send_request():396] send_request: defer
2023-09-14 00:47:04,886 INFO    SenderThread:6460 [sender.py:send_request_defer():598] handle sender defer: 5
2023-09-14 00:47:04,886 INFO    SenderThread:6460 [sender.py:transition_state():602] send defer: 6
2023-09-14 00:47:04,886 DEBUG   HandlerThread:6460 [handler.py:handle_request():144] handle_request: defer
2023-09-14 00:47:04,887 INFO    HandlerThread:6460 [handler.py:handle_request_defer():170] handle defer: 6
2023-09-14 00:47:04,887 DEBUG   SenderThread:6460 [sender.py:send_request():396] send_request: defer
2023-09-14 00:47:04,888 INFO    SenderThread:6460 [sender.py:send_request_defer():598] handle sender defer: 6
2023-09-14 00:47:04,894 DEBUG   HandlerThread:6460 [handler.py:handle_request():144] handle_request: status_report
2023-09-14 00:47:04,910 INFO    Thread-145:6460 [dir_watcher.py:_on_file_created():272] file/dir created: /Users/sohrabnamazinia/Desktop/Summer 23/RA/RL/RL_Modular/wandb/run-20230914_004644-poao9767/files/requirements.txt
2023-09-14 00:47:04,912 INFO    Thread-145:6460 [dir_watcher.py:_on_file_created():272] file/dir created: /Users/sohrabnamazinia/Desktop/Summer 23/RA/RL/RL_Modular/wandb/run-20230914_004644-poao9767/files/output.log
2023-09-14 00:47:04,913 INFO    Thread-145:6460 [dir_watcher.py:_on_file_created():272] file/dir created: /Users/sohrabnamazinia/Desktop/Summer 23/RA/RL/RL_Modular/wandb/run-20230914_004644-poao9767/files/wandb-metadata.json
2023-09-14 00:47:04,914 INFO    Thread-145:6460 [dir_watcher.py:_on_file_created():272] file/dir created: /Users/sohrabnamazinia/Desktop/Summer 23/RA/RL/RL_Modular/wandb/run-20230914_004644-poao9767/files/wandb-summary.json
2023-09-14 00:47:04,979 INFO    wandb-upload_0:6460 [upload_job.py:push():133] Uploaded file /var/folders/rd/9hb4fktx6dzf6vhw6v8x2jcm0000gr/T/tmpr0fb34uawandb/vgqq43mj-wandb-metadata.json
2023-09-14 00:47:05,561 INFO    SenderThread:6460 [sender.py:transition_state():602] send defer: 7
2023-09-14 00:47:05,562 DEBUG   HandlerThread:6460 [handler.py:handle_request():144] handle_request: poll_exit
2023-09-14 00:47:05,562 DEBUG   HandlerThread:6460 [handler.py:handle_request():144] handle_request: defer
2023-09-14 00:47:05,563 INFO    HandlerThread:6460 [handler.py:handle_request_defer():170] handle defer: 7
2023-09-14 00:47:05,564 DEBUG   SenderThread:6460 [sender.py:send_request():396] send_request: poll_exit
2023-09-14 00:47:05,564 DEBUG   SenderThread:6460 [sender.py:send_request():396] send_request: defer
2023-09-14 00:47:05,565 INFO    SenderThread:6460 [sender.py:send_request_defer():598] handle sender defer: 7
2023-09-14 00:47:05,906 INFO    Thread-145:6460 [dir_watcher.py:_on_file_modified():289] file/dir modified: /Users/sohrabnamazinia/Desktop/Summer 23/RA/RL/RL_Modular/wandb/run-20230914_004644-poao9767/files/config.yaml
2023-09-14 00:47:06,559 DEBUG   HandlerThread:6460 [handler.py:handle_request():144] handle_request: poll_exit
2023-09-14 00:47:06,907 INFO    Thread-145:6460 [dir_watcher.py:_on_file_modified():289] file/dir modified: /Users/sohrabnamazinia/Desktop/Summer 23/RA/RL/RL_Modular/wandb/run-20230914_004644-poao9767/files/output.log
2023-09-14 00:47:08,857 INFO    SenderThread:6460 [sender.py:transition_state():602] send defer: 8
2023-09-14 00:47:08,858 DEBUG   SenderThread:6460 [sender.py:send_request():396] send_request: poll_exit
2023-09-14 00:47:08,858 DEBUG   HandlerThread:6460 [handler.py:handle_request():144] handle_request: defer
2023-09-14 00:47:08,859 INFO    HandlerThread:6460 [handler.py:handle_request_defer():170] handle defer: 8
2023-09-14 00:47:08,860 DEBUG   SenderThread:6460 [sender.py:send_request():396] send_request: defer
2023-09-14 00:47:08,860 INFO    SenderThread:6460 [sender.py:send_request_defer():598] handle sender defer: 8
2023-09-14 00:47:08,861 INFO    SenderThread:6460 [job_builder.py:build():240] Attempting to build job artifact
2023-09-14 00:47:08,862 INFO    SenderThread:6460 [job_builder.py:build():264] is repo sourced job
2023-09-14 00:47:08,869 INFO    SenderThread:6460 [job_builder.py:build():305] adding wandb-job metadata file
2023-09-14 00:47:08,878 INFO    SenderThread:6460 [sender.py:transition_state():602] send defer: 9
2023-09-14 00:47:08,878 DEBUG   HandlerThread:6460 [handler.py:handle_request():144] handle_request: defer
2023-09-14 00:47:08,879 INFO    HandlerThread:6460 [handler.py:handle_request_defer():170] handle defer: 9
2023-09-14 00:47:08,880 DEBUG   SenderThread:6460 [sender.py:send():369] send: artifact
2023-09-14 00:47:08,914 INFO    Thread-145:6460 [dir_watcher.py:_on_file_modified():289] file/dir modified: /Users/sohrabnamazinia/Desktop/Summer 23/RA/RL/RL_Modular/wandb/run-20230914_004644-poao9767/files/output.log
2023-09-14 00:47:09,366 INFO    SenderThread:6460 [sender.py:send_artifact():1450] sent artifact job-https___github.com_sohrabnamazinia_RL_Modular.git_test_recall.py - {'id': 'QXJ0aWZhY3Q6NTY3NTUzNzI4', 'digest': '5da03ac3be812aadd6b00c1e0a1e4f22', 'state': 'COMMITTED', 'aliases': [{'artifactCollectionName': 'job-https___github.com_sohrabnamazinia_RL_Modular.git_test_recall.py', 'alias': 'latest'}, {'artifactCollectionName': 'job-https___github.com_sohrabnamazinia_RL_Modular.git_test_recall.py', 'alias': 'v0'}], 'artifactSequence': {'id': 'QXJ0aWZhY3RDb2xsZWN0aW9uOjk3MzM1MjI3', 'latestArtifact': {'id': 'QXJ0aWZhY3Q6NTY3NTUzNzI4', 'versionIndex': 0}}, 'version': 'v0'}
2023-09-14 00:47:09,366 DEBUG   SenderThread:6460 [sender.py:send_request():396] send_request: defer
2023-09-14 00:47:09,366 INFO    SenderThread:6460 [sender.py:send_request_defer():598] handle sender defer: 9
2023-09-14 00:47:09,367 INFO    SenderThread:6460 [dir_watcher.py:finish():359] shutting down directory watcher
2023-09-14 00:47:09,919 INFO    SenderThread:6460 [dir_watcher.py:finish():389] scan: /Users/sohrabnamazinia/Desktop/Summer 23/RA/RL/RL_Modular/wandb/run-20230914_004644-poao9767/files
2023-09-14 00:47:09,920 INFO    SenderThread:6460 [dir_watcher.py:finish():403] scan save: /Users/sohrabnamazinia/Desktop/Summer 23/RA/RL/RL_Modular/wandb/run-20230914_004644-poao9767/files/requirements.txt requirements.txt
2023-09-14 00:47:09,921 INFO    SenderThread:6460 [dir_watcher.py:finish():403] scan save: /Users/sohrabnamazinia/Desktop/Summer 23/RA/RL/RL_Modular/wandb/run-20230914_004644-poao9767/files/output.log output.log
2023-09-14 00:47:09,929 INFO    SenderThread:6460 [dir_watcher.py:finish():403] scan save: /Users/sohrabnamazinia/Desktop/Summer 23/RA/RL/RL_Modular/wandb/run-20230914_004644-poao9767/files/config.yaml config.yaml
2023-09-14 00:47:09,938 INFO    SenderThread:6460 [dir_watcher.py:finish():403] scan save: /Users/sohrabnamazinia/Desktop/Summer 23/RA/RL/RL_Modular/wandb/run-20230914_004644-poao9767/files/wandb-summary.json wandb-summary.json
2023-09-14 00:47:09,950 INFO    SenderThread:6460 [dir_watcher.py:finish():403] scan save: /Users/sohrabnamazinia/Desktop/Summer 23/RA/RL/RL_Modular/wandb/run-20230914_004644-poao9767/files/wandb-metadata.json wandb-metadata.json
2023-09-14 00:47:09,951 INFO    SenderThread:6460 [sender.py:transition_state():602] send defer: 10
2023-09-14 00:47:09,954 DEBUG   HandlerThread:6460 [handler.py:handle_request():144] handle_request: defer
2023-09-14 00:47:09,954 INFO    HandlerThread:6460 [handler.py:handle_request_defer():170] handle defer: 10
2023-09-14 00:47:09,964 DEBUG   SenderThread:6460 [sender.py:send_request():396] send_request: defer
2023-09-14 00:47:09,965 INFO    SenderThread:6460 [sender.py:send_request_defer():598] handle sender defer: 10
2023-09-14 00:47:09,965 INFO    SenderThread:6460 [file_pusher.py:finish():159] shutting down file pusher
2023-09-14 00:47:10,247 INFO    wandb-upload_0:6460 [upload_job.py:push():133] Uploaded file /Users/sohrabnamazinia/Desktop/Summer 23/RA/RL/RL_Modular/wandb/run-20230914_004644-poao9767/files/requirements.txt
2023-09-14 00:47:10,388 INFO    wandb-upload_1:6460 [upload_job.py:push():133] Uploaded file /Users/sohrabnamazinia/Desktop/Summer 23/RA/RL/RL_Modular/wandb/run-20230914_004644-poao9767/files/output.log
2023-09-14 00:47:10,448 INFO    wandb-upload_3:6460 [upload_job.py:push():133] Uploaded file /Users/sohrabnamazinia/Desktop/Summer 23/RA/RL/RL_Modular/wandb/run-20230914_004644-poao9767/files/wandb-summary.json
2023-09-14 00:47:10,512 INFO    wandb-upload_2:6460 [upload_job.py:push():133] Uploaded file /Users/sohrabnamazinia/Desktop/Summer 23/RA/RL/RL_Modular/wandb/run-20230914_004644-poao9767/files/config.yaml
2023-09-14 00:47:10,714 INFO    Thread-144 (_thread_body):6460 [sender.py:transition_state():602] send defer: 11
2023-09-14 00:47:10,715 DEBUG   HandlerThread:6460 [handler.py:handle_request():144] handle_request: defer
2023-09-14 00:47:10,716 INFO    HandlerThread:6460 [handler.py:handle_request_defer():170] handle defer: 11
2023-09-14 00:47:10,716 DEBUG   SenderThread:6460 [sender.py:send_request():396] send_request: defer
2023-09-14 00:47:10,717 INFO    SenderThread:6460 [sender.py:send_request_defer():598] handle sender defer: 11
2023-09-14 00:47:10,717 INFO    SenderThread:6460 [file_pusher.py:join():164] waiting for file pusher
2023-09-14 00:47:10,717 INFO    SenderThread:6460 [sender.py:transition_state():602] send defer: 12
2023-09-14 00:47:10,718 DEBUG   HandlerThread:6460 [handler.py:handle_request():144] handle_request: defer
2023-09-14 00:47:10,718 INFO    HandlerThread:6460 [handler.py:handle_request_defer():170] handle defer: 12
2023-09-14 00:47:10,719 DEBUG   SenderThread:6460 [sender.py:send_request():396] send_request: defer
2023-09-14 00:47:10,719 INFO    SenderThread:6460 [sender.py:send_request_defer():598] handle sender defer: 12
2023-09-14 00:47:10,816 INFO    SenderThread:6460 [sender.py:transition_state():602] send defer: 13
2023-09-14 00:47:10,817 DEBUG   HandlerThread:6460 [handler.py:handle_request():144] handle_request: defer
2023-09-14 00:47:10,817 INFO    HandlerThread:6460 [handler.py:handle_request_defer():170] handle defer: 13
2023-09-14 00:47:10,818 DEBUG   SenderThread:6460 [sender.py:send_request():396] send_request: defer
2023-09-14 00:47:10,818 INFO    SenderThread:6460 [sender.py:send_request_defer():598] handle sender defer: 13
2023-09-14 00:47:10,818 INFO    SenderThread:6460 [sender.py:transition_state():602] send defer: 14
2023-09-14 00:47:10,820 DEBUG   HandlerThread:6460 [handler.py:handle_request():144] handle_request: defer
2023-09-14 00:47:10,820 DEBUG   SenderThread:6460 [sender.py:send():369] send: final
2023-09-14 00:47:10,820 INFO    HandlerThread:6460 [handler.py:handle_request_defer():170] handle defer: 14
2023-09-14 00:47:10,820 DEBUG   SenderThread:6460 [sender.py:send():369] send: footer
2023-09-14 00:47:10,821 DEBUG   SenderThread:6460 [sender.py:send_request():396] send_request: defer
2023-09-14 00:47:10,822 INFO    SenderThread:6460 [sender.py:send_request_defer():598] handle sender defer: 14
2023-09-14 00:47:10,824 DEBUG   HandlerThread:6460 [handler.py:handle_request():144] handle_request: poll_exit
2023-09-14 00:47:10,825 DEBUG   HandlerThread:6460 [handler.py:handle_request():144] handle_request: server_info
2023-09-14 00:47:10,826 DEBUG   SenderThread:6460 [sender.py:send_request():396] send_request: poll_exit
2023-09-14 00:47:10,826 DEBUG   HandlerThread:6460 [handler.py:handle_request():144] handle_request: get_summary
2023-09-14 00:47:10,827 DEBUG   SenderThread:6460 [sender.py:send_request():396] send_request: server_info
2023-09-14 00:47:10,828 DEBUG   HandlerThread:6460 [handler.py:handle_request():144] handle_request: sampled_history
2023-09-14 00:47:10,892 DEBUG   HandlerThread:6460 [handler.py:handle_request():144] handle_request: shutdown
2023-09-14 00:47:10,893 INFO    HandlerThread:6460 [handler.py:finish():854] shutting down handler
2023-09-14 00:47:11,828 INFO    WriterThread:6460 [datastore.py:close():298] close: /Users/sohrabnamazinia/Desktop/Summer 23/RA/RL/RL_Modular/wandb/run-20230914_004644-poao9767/run-poao9767.wandb
2023-09-14 00:47:11,894 INFO    SenderThread:6460 [sender.py:finish():1526] shutting down sender
2023-09-14 00:47:11,895 INFO    SenderThread:6460 [file_pusher.py:finish():159] shutting down file pusher
2023-09-14 00:47:11,895 INFO    SenderThread:6460 [file_pusher.py:join():164] waiting for file pusher
